<?xml version="1.0" encoding="UTF-8"?>
<testsuite xmlns:xsi="http://www.w3.org/2001/XMLSchema-instance" xsi:noNamespaceSchemaLocation="https://maven.apache.org/surefire/maven-surefire-plugin/xsd/surefire-test-report-3.0.xsd" version="3.0" name="com.deepak.RestDemo.RestDemoApplicationTests" time="2.816" tests="1" errors="0" skipped="0" failures="0">
  <properties>
[...]
</properties>
  <testcase name="contextLoads" classname="com.deepak.RestDemo.RestDemoApplicationTests" time="0.909">
    <system-out><![CDATA[11:45:50.750 [main] INFO org.springframework.test.context.support.AnnotationConfigContextLoaderUtils -- Could not detect default configuration classes for test class [com.deepak.RestDemo.RestDemoApplicationTests]: RestDemoApplicationTests does not declare any static, non-private, non-final, nested classes annotated with @Configuration.
11:45:50.894 [main] INFO org.springframework.boot.test.context.SpringBootTestContextBootstrapper -- Found @SpringBootConfiguration com.deepak.RestDemo.RestDemoApplication for test class com.deepak.RestDemo.RestDemoApplicationTests

  .   ____          _            __ _ _
 /\\ / ___'_ __ _ _(_)_ __  __ _ \ \ \ \
( ( )\___ | '_ | '_| | '_ \/ _` | \ \ \ \
 \\/  ___)| |_)| | | | | || (_| |  ) ) ) )
  '  |____| .__|_| |_|_| |_\__, | / / / /
 =========|_|==============|___/=/_/_/_/
 :: Spring Boot ::                (v3.1.5)

2023-11-30T11:45:51.336+05:30  INFO 34296 --- [           main] c.d.RestDemo.RestDemoApplicationTests    : Starting RestDemoApplicationTests using Java 18 with PID 34296 (started by DELL in C:\Users\DELL\RestDemo)
2023-11-30T11:45:51.338+05:30  INFO 34296 --- [           main] c.d.RestDemo.RestDemoApplicationTests    : No active profile set, falling back to 1 default profile: "default"
2023-11-30T11:45:52.450+05:30  INFO 34296 --- [           main] c.d.RestDemo.RestDemoApplicationTests    : Started RestDemoApplicationTests in 1.367 seconds (process running for 2.379)
]]></system-out>
  </testcase>
</testsuite>